make all --print-data-base --no-builtin-variables --no-builtin-rules --question
make: *** No rule to make target 'all'.  Stop.

# GNU Make 4.3
# Built for x86_64-pc-linux-gnu
# Copyright (C) 1988-2020 Free Software Foundation, Inc.
# License GPLv3+: GNU GPL version 3 or later <http://gnu.org/licenses/gpl.html>
# This is free software: you are free to change and redistribute it.
# There is NO WARRANTY, to the extent permitted by law.

# Make data base, printed on Wed Jul 13 02:09:55 2022

# Variables

# environment
LC_ALL = C
# environment
PULSE_SERVER = /mnt/wslg/PulseServer
# environment
WSLENV = VSCODE_WSL_EXT_LOCATION/up
# environment
VSCODE_CWD = /mnt/c/Devel/Microsoft VS Code
# environment
LIBVIRT_DEFAULT_URI = qemu:///system
# default
MAKE_COMMAND := make
# environment
VSCODE_HANDLES_SIGPIPE = true
# environment
VSCODE_GIT_ASKPASS_EXTRA_ARGS = 
# automatic
@D = $(patsubst %/,%,$(dir $@))
# environment
VSCODE_HANDLES_UNCAUGHT_ERRORS = true
# default
.VARIABLES := 
# environment
PWD = /mnt/c/Users/alex/Desktop/projects/leisure/Cornel
# automatic
%D = $(patsubst %/,%,$(dir $%))
# environment
XDG_DATA_DIRS = /usr/local/share:/usr/share:/var/lib/snapd/desktop
# automatic
^D = $(patsubst %/,%,$(dir $^))
# automatic
%F = $(notdir $%)
# environment
LANG = C
# default
.LOADED := 
# default
.INCLUDE_DIRS = /usr/local/include /usr/include /usr/include
# makefile
MAKEFLAGS = pqrR
# makefile
CURDIR := /mnt/c/Users/alex/Desktop/projects/leisure/Cornel
# environment
APPLICATION_INSIGHTS_NO_DIAGNOSTIC_CHANNEL = 1
# environment
LESSOPEN = | /usr/bin/lesspipe %s
# automatic
*D = $(patsubst %/,%,$(dir $*))
# environment
MFLAGS = -pqrR
# default
.SHELLFLAGS := -c
# environment
WAYLAND_DISPLAY = wayland-0
# automatic
+D = $(patsubst %/,%,$(dir $+))
# environment
GIT_ASKPASS = /home/alex/.vscode-server/bin/92d25e35d9bf1a6b16f7d0758f25d48ace11e5b9/extensions/git/dist/askpass.sh
# makefile
MAKEFILE_LIST := 
# automatic
@F = $(notdir $@)
# automatic
?D = $(patsubst %/,%,$(dir $?))
# automatic
*F = $(notdir $*)
# automatic
<D = $(patsubst %/,%,$(dir $<))
# environment
VSCODE_NLS_CONFIG = {"locale":"en","availableLanguages":{}}
# default
MAKE_HOST := x86_64-pc-linux-gnu
# makefile
SHELL = /bin/sh
# default
MAKECMDGOALS := all
# environment
SHLVL = 1
# environment
GCC_COLORS = error
# environment
MAKELEVEL := 0
# default
MAKE = $(MAKE_COMMAND)
# environment
PATH = /home/alex/.vscode-server/bin/92d25e35d9bf1a6b16f7d0758f25d48ace11e5b9/bin/remote-cli:/home/alex/.local/bin:/usr/local/sbin:/usr/local/bin:/usr/sbin:/usr/bin:/sbin:/bin:/usr/games:/usr/local/games:/usr/lib/wsl/lib:/mnt/c/Program Files (x86)/VMware/VMware Workstation/bin/:/mnt/c/Devel/Java/jdk-17.0.2-ibm/bin:/mnt/c/Program Files/Common Files/Oracle/Java/javapath:/mnt/c/Devel/Nvidia/CUDA/SDK/bin:/mnt/c/Devel/Nvidia/CUDA/SDK/libnvvp:/mnt/c/Devel/Python39/Scripts/:/mnt/c/Devel/Python39/:/mnt/c/Program Files (x86)/Common Files/Oracle/Java/javapath:/mnt/c/Devel/Python/Python39/Scripts/:/mnt/c/Devel/Python/Python39/:/mnt/c/Windows/system32:/mnt/c/Windows:/mnt/c/Windows/System32/Wbem:/mnt/c/Windows/System32/WindowsPowerShell/v1.0/:/mnt/c/Windows/System32/OpenSSH/:/mnt/c/Program Files/Microsoft SQL Server/130/Tools/Binn/:/mnt/c/Devel/gtkwave64/bin:/mnt/c/Devel/CC65/bin:/mnt/c/Devel/Far Manager:/mnt/c/Devel/avr-gcc-11.1.0-x64-windows/bin:/mnt/c/Devel/Golang/bin:/mnt/c/Program Files/Microsoft SQL Server/140/Tools/Binn/:/mnt/c/Devel/FASM:/mnt/c/Program Files/Microsoft SQL Server/150/Tools/Binn/:/mnt/c/Devel/qemu:/mnt/c/Devel/Bochs/2.7:/mnt/c/Devel/DOSBox-X:/mnt/c/Devel/WATCOM/binnt64:/mnt/c/Devel/IBMulator/0.13/bin:/mnt/c/Devel/Misc:/mnt/c/Program Files (x86)/NVIDIA Corporation/PhysX/Common:/mnt/c/Program Files/NVIDIA Corporation/NVIDIA NvDLISR:/mnt/c/Program Files/NVIDIA Corporation/Nsight Compute 2021.3.0/:/mnt/c/Devel/Microsoft Visual Studio/2022/Enterprise/MSBuild/Current/Bin:/mnt/c/Devel/nodejs/:/mnt/c/Devel/PuTTY/:/mnt/c/Devel/010 Editor:/mnt/c/Devel/CMake/bin:/mnt/c/WINDOWS/system32:/mnt/c/WINDOWS:/mnt/c/WINDOWS/System32/Wbem:/mnt/c/WINDOWS/System32/WindowsPowerShell/v1.0/:/mnt/c/WINDOWS/System32/OpenSSH/:/mnt/c/Devel/Cicoparser:/mnt/c/Devel/upx-3.96-win64:/mnt/c/Devel/Git/cmd:/mnt/c/Devel/Git/mingw64/bin:/mnt/c/Devel/Git/usr/bin:/mnt/c/Devel/Rust/Cargo/bin:/mnt/c/Users/alex/.cargo/bin:/mnt/c/Devel/arm-gcc/10-2020-q4-major/bin:/mnt/c/Devel/Wincupl/WINCUPL/EXE:/mnt/c/Devel/Wincupl/WINCUPL/FITTERS:/mnt/c/Devel/Microsoft VS Code/bin:/mnt/c/Users/alex/go/bin:/mnt/c/Program Files (x86)/FreeArc/bin:/mnt/c/Devel/qemu:/mnt/c/Users/alex/AppData/Roaming/npm:/mnt/c/Devel/intelFPGA_lite/21.1/questa_fse/win64:/mnt/c/Devel/intelFPGA_lite/21.1/questa_fe/win64:/mnt/c/Users/alex/AppData/Local/Microsoft/WindowsApps:/mnt/c/Devel/Cicoparser:/snap/bin:/usr/bin/watcom/binl64:/usr/bin/watcom/binl64
# default
MAKEFILES := 
# environment
VSCODE_GIT_IPC_HANDLE = /mnt/wslg/runtime-dir/vscode-git-ab285ddeb5.sock
# environment
VSCODE_GIT_ASKPASS_NODE = /home/alex/.vscode-server/bin/92d25e35d9bf1a6b16f7d0758f25d48ace11e5b9/node
# environment
MOTD_SHOWN = update-motd
# automatic
^F = $(notdir $^)
# environment
VSCODE_GIT_ASKPASS_MAIN = /home/alex/.vscode-server/bin/92d25e35d9bf1a6b16f7d0758f25d48ace11e5b9/extensions/git/dist/askpass-main.js
# environment
TERM_PROGRAM = vscode
# environment
LESSCLOSE = /usr/bin/lesspipe %s %s
# automatic
?F = $(notdir $?)
# environment
NAME = DESKTOP-CJMKNH5
# environment
HOSTTYPE = x86_64
# environment
LS_COLORS = rs
# automatic
+F = $(notdir $+)
# environment
WATCOM = /usr/bin/watcom
# environment
WSL_INTEROP = /run/WSL/11_interop
# 'override' directive
GNUMAKEFLAGS := 
# environment
LOGNAME = alex
# environment
VSCODE_WSL_EXT_LOCATION = /mnt/c/Users/alex/.vscode/extensions/ms-vscode-remote.remote-wsl-0.66.3
# makefile
.DEFAULT_GOAL := 
# environment
DISPLAY = :0
# environment
USER = alex
# default
MAKE_VERSION := 4.3
# environment
_ = /usr/bin/printenv
# environment
XDG_RUNTIME_DIR = /mnt/wslg/runtime-dir
# environment
COLORTERM = truecolor
# environment
VSCODE_IPC_HOOK_CLI = /mnt/wslg/runtime-dir/vscode-ipc-1d99f70b-6277-4e66-a04d-70fa54de89b9.sock
# environment
VSCODE_AMD_ENTRYPOINT = vs/workbench/api/node/extensionHostProcess
# environment
HOME = /home/alex
# environment
ELECTRON_RUN_AS_NODE = 1
# environment
TERM = xterm-256color
# default
.RECIPEPREFIX := 
# automatic
<F = $(notdir $<)
# default
SUFFIXES := 
# environment
WSL_DISTRO_NAME = Ubuntu-20.04
# default
.FEATURES := target-specific order-only second-expansion else-if shortest-stem undefine oneshell nocomment grouped-target extra-prereqs archives jobserver output-sync check-symlink load
# environment
TERM_PROGRAM_VERSION = 1.69.0
# variable set hash-table stats:
# Load=79/1024=8%, Rehash=0, Collisions=1/106=1%

# Pattern-specific Variable Values

# No pattern-specific variable values.

# Directories

# . (device 66, inode 106397541196631228): 23 files, no impossibilities.

# 23 files, no impossibilities in 1 directories.

# Implicit Rules

# No implicit rules.

# Files

# Not a target:
Makefile:
#  Implicit rule search has been done.
#  File does not exist.
#  File has been updated.
#  Failed to be updated.

# Not a target:
.DEFAULT:
#  Implicit rule search has not been done.
#  Modification time never checked.
#  File has not been updated.

# Not a target:
all:
#  Command line target.
#  Implicit rule search has been done.
#  File does not exist.
#  File has not been updated.

# Not a target:
makefile:
#  Implicit rule search has been done.
#  File does not exist.
#  File has been updated.
#  Failed to be updated.

# Not a target:
GNUmakefile:
#  Implicit rule search has been done.
#  File does not exist.
#  File has been updated.
#  Failed to be updated.

# files hash-table stats:
# Load=6/1024=1%, Rehash=0, Collisions=0/15=0%
# VPATH Search Paths

# No 'vpath' search paths.

# No general ('VPATH' variable) search path.

# strcache buffers: 1 (0) / strings = 31 / storage = 302 B / avg = 9 B
# current buf: size = 8162 B / used = 302 B / count = 31 / avg = 9 B

# strcache performance: lookups = 34 / hit rate = 8%
# hash-table stats:
# Load=31/8192=0%, Rehash=0, Collisions=0/34=0%
# Finished Make data base on Wed Jul 13 02:09:55 2022

 
